{"level":30,"time":1736524662752,"pid":15548,"hostname":"DESKTOP-9KL4NAD","msg":"hello world"}
{"level":30,"time":1736524662761,"pid":15548,"hostname":"DESKTOP-9KL4NAD","msg":"Express server running on port 4000"}
{"level":30,"time":1736524662858,"pid":15548,"hostname":"DESKTOP-9KL4NAD","msg":"db connection ok"}
{"level":30,"time":1736802783935,"pid":640,"hostname":"DESKTOP-9KL4NAD","msg":"hello world"}
{"level":30,"time":1736802783944,"pid":640,"hostname":"DESKTOP-9KL4NAD","msg":"Express server running on port 4000"}
{"level":30,"time":1736802784027,"pid":640,"hostname":"DESKTOP-9KL4NAD","msg":"db connection ok"}
{"level":30,"time":1736808268516,"pid":28336,"hostname":"DESKTOP-9KL4NAD","msg":"hello world"}
{"level":30,"time":1736808268525,"pid":28336,"hostname":"DESKTOP-9KL4NAD","msg":"Express server running on port 4000"}
{"level":30,"time":1736808268597,"pid":28336,"hostname":"DESKTOP-9KL4NAD","msg":"db connection ok"}
{"level":30,"time":1736810774845,"pid":16780,"hostname":"DESKTOP-9KL4NAD","msg":"hello world"}
{"level":30,"time":1736810774858,"pid":16780,"hostname":"DESKTOP-9KL4NAD","msg":"Express server running on port 4000"}
{"level":30,"time":1736810774911,"pid":16780,"hostname":"DESKTOP-9KL4NAD","msg":"db connection ok"}
{"level":30,"time":1737158142836,"pid":18272,"hostname":"DESKTOP-9KL4NAD","msg":"hello world"}
{"level":30,"time":1737158142843,"pid":18272,"hostname":"DESKTOP-9KL4NAD","msg":"Express server running on port 4000"}
{"level":30,"time":1737158142906,"pid":18272,"hostname":"DESKTOP-9KL4NAD","msg":"db connection ok"}
{"level":30,"time":1737590188358,"pid":10068,"hostname":"DESKTOP-9KL4NAD","msg":"hello world"}
{"level":30,"time":1737590188364,"pid":10068,"hostname":"DESKTOP-9KL4NAD","msg":"Express server running on port 4000"}
{"level":30,"time":1737590188443,"pid":10068,"hostname":"DESKTOP-9KL4NAD","msg":"db connection ok"}
{"level":30,"time":1737801093302,"pid":19948,"hostname":"DESKTOP-9KL4NAD","msg":"hello world"}
{"level":30,"time":1737801093306,"pid":19948,"hostname":"DESKTOP-9KL4NAD","msg":"Express server running on port 4000"}
{"level":30,"time":1737801093422,"pid":19948,"hostname":"DESKTOP-9KL4NAD","msg":"db connection ok"}
{"level":30,"time":1737801270224,"pid":19948,"hostname":"DESKTOP-9KL4NAD","msg":"Subscription saved successfully, user_id:"}
{"level":30,"time":1737801345730,"pid":19948,"hostname":"DESKTOP-9KL4NAD","msg":"Subscription saved successfully, user_id:"}
{"level":30,"time":1737801896480,"pid":14192,"hostname":"DESKTOP-9KL4NAD","msg":"hello world"}
{"level":30,"time":1737801896487,"pid":14192,"hostname":"DESKTOP-9KL4NAD","msg":"Express server running on port 4000"}
{"level":30,"time":1737801896522,"pid":14192,"hostname":"DESKTOP-9KL4NAD","msg":"db connection ok"}
{"level":30,"time":1737801900966,"pid":14192,"hostname":"DESKTOP-9KL4NAD","msg":"Subscription saved successfully, user_id:"}
{"level":30,"time":1737802001424,"pid":14192,"hostname":"DESKTOP-9KL4NAD","msg":"Subscription saved successfully, user_id:"}
{"level":30,"time":1737802487200,"pid":14192,"hostname":"DESKTOP-9KL4NAD","msg":"Subscription saved successfully, user_id:"}
{"level":30,"time":1737802643824,"pid":15692,"hostname":"DESKTOP-9KL4NAD","msg":"hello world"}
{"level":30,"time":1737802643829,"pid":15692,"hostname":"DESKTOP-9KL4NAD","msg":"Express server running on port 4000"}
{"level":30,"time":1737802643870,"pid":15692,"hostname":"DESKTOP-9KL4NAD","msg":"db connection ok"}
{"level":30,"time":1737808918876,"pid":12356,"hostname":"DESKTOP-9KL4NAD","msg":"hello world"}
{"level":30,"time":1737808918881,"pid":12356,"hostname":"DESKTOP-9KL4NAD","msg":"Express server running on port 4000"}
{"level":30,"time":1737808918963,"pid":12356,"hostname":"DESKTOP-9KL4NAD","msg":"db connection ok"}
{"level":30,"time":1737808939276,"pid":12356,"hostname":"DESKTOP-9KL4NAD","msg":"Subscription saved successfully, user_id:4"}
{"level":30,"time":1737809037581,"pid":12356,"hostname":"DESKTOP-9KL4NAD","msg":"Subscription saved successfully, user_id:4"}
{"level":50,"time":1737809089312,"pid":12356,"hostname":"DESKTOP-9KL4NAD","msg":"Notification error:"}
{"level":50,"time":1737809089313,"pid":12356,"hostname":"DESKTOP-9KL4NAD","msg":"Notification error:"}
{"level":50,"time":1737809089325,"pid":12356,"hostname":"DESKTOP-9KL4NAD","msg":"Notification error:"}
{"level":50,"time":1737809089338,"pid":12356,"hostname":"DESKTOP-9KL4NAD","msg":"Notification error:"}
{"level":50,"time":1737809089342,"pid":12356,"hostname":"DESKTOP-9KL4NAD","msg":"Notification error:"}
{"level":30,"time":1737809089362,"pid":12356,"hostname":"DESKTOP-9KL4NAD","msg":"Notification sent successfully"}
{"level":30,"time":1737809089384,"pid":12356,"hostname":"DESKTOP-9KL4NAD","msg":"Notification sent successfully"}
{"level":30,"time":1737809089386,"pid":12356,"hostname":"DESKTOP-9KL4NAD","msg":"Notification sent successfully"}
{"level":50,"time":1737809089413,"pid":12356,"hostname":"DESKTOP-9KL4NAD","msg":"Notification error:"}
{"level":50,"time":1737809089508,"pid":12356,"hostname":"DESKTOP-9KL4NAD","msg":"Notification error:"}
{"level":50,"time":1737809089520,"pid":12356,"hostname":"DESKTOP-9KL4NAD","msg":"Notification error:"}
{"level":50,"time":1737809089524,"pid":12356,"hostname":"DESKTOP-9KL4NAD","msg":"Notification error:"}
{"level":50,"time":1737809089533,"pid":12356,"hostname":"DESKTOP-9KL4NAD","msg":"Notification error:"}
{"level":50,"time":1737809089545,"pid":12356,"hostname":"DESKTOP-9KL4NAD","msg":"Notification error:"}
{"level":30,"time":1737809089584,"pid":12356,"hostname":"DESKTOP-9KL4NAD","msg":"Notification sent successfully"}
{"level":30,"time":1737809089603,"pid":12356,"hostname":"DESKTOP-9KL4NAD","msg":"Notification sent successfully"}
{"level":30,"time":1737809089674,"pid":12356,"hostname":"DESKTOP-9KL4NAD","msg":"Notification sent successfully"}
{"level":50,"time":1737809089684,"pid":12356,"hostname":"DESKTOP-9KL4NAD","msg":"Notification error:"}
{"level":30,"time":1737809089735,"pid":12356,"hostname":"DESKTOP-9KL4NAD","msg":"Notification sent successfully"}
{"level":30,"time":1737813217752,"pid":16708,"hostname":"DESKTOP-9KL4NAD","msg":"hello world"}
{"level":30,"time":1737813217762,"pid":16708,"hostname":"DESKTOP-9KL4NAD","msg":"Express server running on port 4000"}
{"level":30,"time":1737813217815,"pid":16708,"hostname":"DESKTOP-9KL4NAD","msg":"db connection ok"}
{"level":30,"time":1737813464686,"pid":16020,"hostname":"DESKTOP-9KL4NAD","msg":"hello world"}
{"level":30,"time":1737813464692,"pid":16020,"hostname":"DESKTOP-9KL4NAD","msg":"Express server running on port 4000"}
{"level":30,"time":1737813464734,"pid":16020,"hostname":"DESKTOP-9KL4NAD","msg":"db connection ok"}
{"level":30,"time":1737813490261,"pid":16020,"hostname":"DESKTOP-9KL4NAD","msg":"Korisnik je već pretplaćen."}
{"level":30,"time":1737839207794,"pid":14832,"hostname":"DESKTOP-9KL4NAD","msg":"hello world"}
{"level":30,"time":1737839207799,"pid":14832,"hostname":"DESKTOP-9KL4NAD","msg":"Express server running on port 4000"}
{"level":30,"time":1737839207833,"pid":14832,"hostname":"DESKTOP-9KL4NAD","msg":"db connection ok"}
{"level":30,"time":1737839623401,"pid":16660,"hostname":"DESKTOP-9KL4NAD","msg":"hello world"}
{"level":30,"time":1737839623405,"pid":16660,"hostname":"DESKTOP-9KL4NAD","msg":"Express server running on port 4000"}
{"level":30,"time":1737839623438,"pid":16660,"hostname":"DESKTOP-9KL4NAD","msg":"db connection ok"}
{"level":30,"time":1737840104134,"pid":17340,"hostname":"DESKTOP-9KL4NAD","msg":"hello world"}
{"level":30,"time":1737840104140,"pid":17340,"hostname":"DESKTOP-9KL4NAD","msg":"Express server running on port 4000"}
{"level":30,"time":1737840104167,"pid":17340,"hostname":"DESKTOP-9KL4NAD","msg":"db connection ok"}
{"level":30,"time":1737840204561,"pid":13212,"hostname":"DESKTOP-9KL4NAD","msg":"hello world"}
{"level":30,"time":1737840204567,"pid":13212,"hostname":"DESKTOP-9KL4NAD","msg":"Express server running on port 4000"}
{"level":30,"time":1737840204608,"pid":13212,"hostname":"DESKTOP-9KL4NAD","msg":"db connection ok"}
{"level":30,"time":1737840279651,"pid":20820,"hostname":"DESKTOP-9KL4NAD","msg":"hello world"}
{"level":30,"time":1737840279656,"pid":20820,"hostname":"DESKTOP-9KL4NAD","msg":"Express server running on port 4000"}
{"level":30,"time":1737840279682,"pid":20820,"hostname":"DESKTOP-9KL4NAD","msg":"db connection ok"}
{"level":30,"time":1737850865917,"pid":13044,"hostname":"DESKTOP-9KL4NAD","msg":"hello world"}
{"level":30,"time":1737850865923,"pid":13044,"hostname":"DESKTOP-9KL4NAD","msg":"Express server running on port 4000"}
{"level":30,"time":1737850865945,"pid":13044,"hostname":"DESKTOP-9KL4NAD","msg":"db connection ok"}
{"level":30,"time":1737851074787,"pid":15048,"hostname":"DESKTOP-9KL4NAD","msg":"hello world"}
{"level":30,"time":1737851074792,"pid":15048,"hostname":"DESKTOP-9KL4NAD","msg":"Express server running on port 4000"}
{"level":30,"time":1737851074829,"pid":15048,"hostname":"DESKTOP-9KL4NAD","msg":"db connection ok"}
{"level":30,"time":1737851222470,"pid":5932,"hostname":"DESKTOP-9KL4NAD","msg":"hello world"}
{"level":30,"time":1737851222475,"pid":5932,"hostname":"DESKTOP-9KL4NAD","msg":"Express server running on port 4000"}
{"level":30,"time":1737851222497,"pid":5932,"hostname":"DESKTOP-9KL4NAD","msg":"db connection ok"}
{"level":30,"time":1737851555364,"pid":18836,"hostname":"DESKTOP-9KL4NAD","msg":"hello world"}
{"level":30,"time":1737851555369,"pid":18836,"hostname":"DESKTOP-9KL4NAD","msg":"Express server running on port 4000"}
{"level":30,"time":1737851555407,"pid":18836,"hostname":"DESKTOP-9KL4NAD","msg":"db connection ok"}
{"level":30,"time":1737851661804,"pid":21240,"hostname":"DESKTOP-9KL4NAD","msg":"hello world"}
{"level":30,"time":1737851661810,"pid":21240,"hostname":"DESKTOP-9KL4NAD","msg":"Express server running on port 4000"}
{"level":30,"time":1737851661843,"pid":21240,"hostname":"DESKTOP-9KL4NAD","msg":"db connection ok"}
{"level":30,"time":1737851665482,"pid":21240,"hostname":"DESKTOP-9KL4NAD","msg":"Notification sent successfully"}
{"level":30,"time":1737851665483,"pid":21240,"hostname":"DESKTOP-9KL4NAD","msg":"Notification sent successfully"}
{"level":30,"time":1737851665633,"pid":21240,"hostname":"DESKTOP-9KL4NAD","msg":"Notification sent successfully"}
{"level":30,"time":1737851665633,"pid":21240,"hostname":"DESKTOP-9KL4NAD","msg":"Notification sent successfully"}
{"level":30,"time":1737855235189,"pid":21240,"hostname":"DESKTOP-9KL4NAD","msg":"Čuvanje pretplate..."}
{"level":30,"time":1737855333435,"pid":18896,"hostname":"DESKTOP-9KL4NAD","msg":"hello world"}
{"level":30,"time":1737855333454,"pid":18896,"hostname":"DESKTOP-9KL4NAD","msg":"Express server running on port 4000"}
{"level":30,"time":1737855333573,"pid":18896,"hostname":"DESKTOP-9KL4NAD","msg":"db connection ok"}
{"level":30,"time":1737855390252,"pid":18896,"hostname":"DESKTOP-9KL4NAD","msg":"Čuvanje pretplate..."}
{"level":30,"time":1737981949399,"pid":15916,"hostname":"DESKTOP-9KL4NAD","msg":"hello world"}
{"level":30,"time":1737981949408,"pid":15916,"hostname":"DESKTOP-9KL4NAD","msg":"Express server running on port 4000"}
{"level":30,"time":1737981949496,"pid":15916,"hostname":"DESKTOP-9KL4NAD","msg":"db connection ok"}
{"level":30,"time":1737981993286,"pid":15916,"hostname":"DESKTOP-9KL4NAD","msg":"Korisnik je vec pretplacen."}
{"level":30,"time":1737982207645,"pid":6520,"hostname":"DESKTOP-9KL4NAD","msg":"hello world"}
{"level":30,"time":1737982207668,"pid":6520,"hostname":"DESKTOP-9KL4NAD","msg":"Express server running on port 4000"}
{"level":30,"time":1737982207776,"pid":6520,"hostname":"DESKTOP-9KL4NAD","msg":"db connection ok"}
{"level":30,"time":1737982256076,"pid":6520,"hostname":"DESKTOP-9KL4NAD","msg":"Korisnik je vec pretplacen."}
{"level":30,"time":1737982468519,"pid":6520,"hostname":"DESKTOP-9KL4NAD","msg":"selected professions: "}
{"level":30,"time":1737982468661,"pid":6520,"hostname":"DESKTOP-9KL4NAD","msg":"idUser reg: 7"}
{"level":30,"time":1737982468714,"pid":6520,"hostname":"DESKTOP-9KL4NAD","msg":"Korisnik je vec pretplacen."}
{"level":30,"time":1737984227308,"pid":23164,"hostname":"DESKTOP-9KL4NAD","msg":"hello world"}
{"level":30,"time":1737984227315,"pid":23164,"hostname":"DESKTOP-9KL4NAD","msg":"Express server running on port 4000"}
{"level":30,"time":1737984227351,"pid":23164,"hostname":"DESKTOP-9KL4NAD","msg":"db connection ok"}
{"level":30,"time":1738007756485,"pid":17892,"hostname":"DESKTOP-9KL4NAD","msg":"hello world"}
{"level":30,"time":1738007756490,"pid":17892,"hostname":"DESKTOP-9KL4NAD","msg":"Express server running on port 4000"}
{"level":30,"time":1738007756550,"pid":17892,"hostname":"DESKTOP-9KL4NAD","msg":"db connection ok"}
{"level":30,"time":1738008034217,"pid":7944,"hostname":"DESKTOP-9KL4NAD","msg":"hello world"}
{"level":30,"time":1738008034226,"pid":7944,"hostname":"DESKTOP-9KL4NAD","msg":"Express server running on port 4000"}
{"level":30,"time":1738008034272,"pid":7944,"hostname":"DESKTOP-9KL4NAD","msg":"db connection ok"}
{"level":30,"time":1738009040116,"pid":12812,"hostname":"DESKTOP-9KL4NAD","msg":"hello world"}
{"level":30,"time":1738009040121,"pid":12812,"hostname":"DESKTOP-9KL4NAD","msg":"Express server running on port 4000"}
{"level":30,"time":1738009040220,"pid":12812,"hostname":"DESKTOP-9KL4NAD","msg":"db connection ok"}
{"level":30,"time":1738009118349,"pid":12616,"hostname":"DESKTOP-9KL4NAD","msg":"hello world"}
{"level":30,"time":1738009118357,"pid":12616,"hostname":"DESKTOP-9KL4NAD","msg":"Express server running on port 4000"}
{"level":30,"time":1738009118383,"pid":12616,"hostname":"DESKTOP-9KL4NAD","msg":"db connection ok"}
{"level":30,"time":1738009229543,"pid":12616,"hostname":"DESKTOP-9KL4NAD","msg":"Korisnik je vec pretplacen."}
{"level":30,"time":1738009312066,"pid":12616,"hostname":"DESKTOP-9KL4NAD","msg":"Čuvanje pretplate..."}
{"level":30,"time":1738076113935,"pid":12384,"hostname":"DESKTOP-9KL4NAD","msg":"hello world"}
{"level":30,"time":1738076113941,"pid":12384,"hostname":"DESKTOP-9KL4NAD","msg":"Express server running on port 4000"}
{"level":30,"time":1738076114007,"pid":12384,"hostname":"DESKTOP-9KL4NAD","msg":"db connection ok"}
{"level":30,"time":1738370462359,"pid":19732,"hostname":"DESKTOP-9KL4NAD","msg":"hello world"}
{"level":30,"time":1738370462365,"pid":19732,"hostname":"DESKTOP-9KL4NAD","msg":"Express server running on port 4000"}
{"level":30,"time":1738370462464,"pid":19732,"hostname":"DESKTOP-9KL4NAD","msg":"db connection ok"}
{"level":30,"time":1738370981795,"pid":18000,"hostname":"DESKTOP-9KL4NAD","msg":"hello world"}
{"level":30,"time":1738370981802,"pid":18000,"hostname":"DESKTOP-9KL4NAD","msg":"Express server running on port 4000"}
{"level":30,"time":1738370981848,"pid":18000,"hostname":"DESKTOP-9KL4NAD","msg":"db connection ok"}
{"level":30,"time":1738377241595,"pid":23452,"hostname":"DESKTOP-9KL4NAD","msg":"hello world"}
{"level":30,"time":1738377241600,"pid":23452,"hostname":"DESKTOP-9KL4NAD","msg":"Express server running on port 4000"}
{"level":30,"time":1738377241654,"pid":23452,"hostname":"DESKTOP-9KL4NAD","msg":"db connection ok"}
{"level":30,"time":1738433678891,"pid":7144,"hostname":"DESKTOP-9KL4NAD","msg":"hello world"}
{"level":30,"time":1738433678898,"pid":7144,"hostname":"DESKTOP-9KL4NAD","msg":"Express server running on port 4000"}
{"level":30,"time":1738433678967,"pid":7144,"hostname":"DESKTOP-9KL4NAD","msg":"db connection ok"}
{"level":30,"time":1738433830857,"pid":20556,"hostname":"DESKTOP-9KL4NAD","msg":"hello world"}
{"level":30,"time":1738433830861,"pid":20556,"hostname":"DESKTOP-9KL4NAD","msg":"Express server running on port 4000"}
{"level":30,"time":1738433830956,"pid":20556,"hostname":"DESKTOP-9KL4NAD","msg":"db connection ok"}
{"level":30,"time":1738434481261,"pid":2392,"hostname":"DESKTOP-9KL4NAD","msg":"hello world"}
{"level":30,"time":1738434481265,"pid":2392,"hostname":"DESKTOP-9KL4NAD","msg":"Express server running on port 4000"}
{"level":30,"time":1738434481363,"pid":2392,"hostname":"DESKTOP-9KL4NAD","msg":"db connection ok"}
{"level":30,"time":1738436150149,"pid":19624,"hostname":"DESKTOP-9KL4NAD","msg":"hello world"}
{"level":30,"time":1738436150154,"pid":19624,"hostname":"DESKTOP-9KL4NAD","msg":"Express server running on port 4000"}
{"level":30,"time":1738436150189,"pid":19624,"hostname":"DESKTOP-9KL4NAD","msg":"db connection ok"}
{"level":30,"time":1738437063924,"pid":12724,"hostname":"DESKTOP-9KL4NAD","msg":"hello world"}
{"level":30,"time":1738437063931,"pid":12724,"hostname":"DESKTOP-9KL4NAD","msg":"Express server running on port 4000"}
{"level":30,"time":1738437063957,"pid":12724,"hostname":"DESKTOP-9KL4NAD","msg":"db connection ok"}
{"level":30,"time":1738591875446,"pid":904,"hostname":"DESKTOP-9KL4NAD","msg":"hello world"}
{"level":30,"time":1738591875453,"pid":904,"hostname":"DESKTOP-9KL4NAD","msg":"Express server running on port 4000"}
{"level":30,"time":1738591875516,"pid":904,"hostname":"DESKTOP-9KL4NAD","msg":"db connection ok"}
{"level":30,"time":1738593418502,"pid":904,"hostname":"DESKTOP-9KL4NAD","msg":"Čuvanje pretplate..."}
{"level":30,"time":1739024002902,"pid":14356,"hostname":"DESKTOP-9KL4NAD","msg":"hello world"}
{"level":30,"time":1739024002909,"pid":14356,"hostname":"DESKTOP-9KL4NAD","msg":"Express server running on port 4000"}
{"level":30,"time":1739024002954,"pid":14356,"hostname":"DESKTOP-9KL4NAD","msg":"db connection ok"}
{"level":30,"time":1739024329630,"pid":5396,"hostname":"DESKTOP-9KL4NAD","msg":"hello world"}
{"level":30,"time":1739024329634,"pid":5396,"hostname":"DESKTOP-9KL4NAD","msg":"Express server running on port 4000"}
{"level":30,"time":1739024329658,"pid":5396,"hostname":"DESKTOP-9KL4NAD","msg":"db connection ok"}
{"level":30,"time":1739024651038,"pid":5396,"hostname":"DESKTOP-9KL4NAD","msg":"Login success"}
{"level":30,"time":1739025507110,"pid":5396,"hostname":"DESKTOP-9KL4NAD","msg":"Login success"}
{"level":30,"time":1739025628323,"pid":5396,"hostname":"DESKTOP-9KL4NAD","msg":"Login success"}
{"level":30,"time":1739025836205,"pid":5396,"hostname":"DESKTOP-9KL4NAD","msg":"Login success"}
{"level":30,"time":1739025897670,"pid":5396,"hostname":"DESKTOP-9KL4NAD","msg":"Login success"}
{"level":30,"time":1739025950412,"pid":5396,"hostname":"DESKTOP-9KL4NAD","msg":"Login success"}
{"level":30,"time":1739026144635,"pid":5396,"hostname":"DESKTOP-9KL4NAD","msg":"Login success"}
{"level":30,"time":1739026238116,"pid":5396,"hostname":"DESKTOP-9KL4NAD","msg":"Login success"}
{"level":30,"time":1739026985516,"pid":5600,"hostname":"DESKTOP-9KL4NAD","msg":"hello world"}
{"level":30,"time":1739026985523,"pid":5600,"hostname":"DESKTOP-9KL4NAD","msg":"Express server running on port 4000"}
{"level":30,"time":1739026985594,"pid":5600,"hostname":"DESKTOP-9KL4NAD","msg":"db connection ok"}
{"level":30,"time":1739027008573,"pid":5600,"hostname":"DESKTOP-9KL4NAD","msg":"Login success"}
{"level":30,"time":1739027108952,"pid":5600,"hostname":"DESKTOP-9KL4NAD","msg":"Login success"}
{"level":30,"time":1739027214890,"pid":5600,"hostname":"DESKTOP-9KL4NAD","msg":"Login success"}
{"level":30,"time":1739027261590,"pid":5600,"hostname":"DESKTOP-9KL4NAD","msg":"Login success"}
{"level":30,"time":1739027332302,"pid":5600,"hostname":"DESKTOP-9KL4NAD","msg":"Login success"}
{"level":30,"time":1739027371649,"pid":5600,"hostname":"DESKTOP-9KL4NAD","msg":"Login success"}
{"level":30,"time":1739027447946,"pid":2816,"hostname":"DESKTOP-9KL4NAD","msg":"hello world"}
{"level":30,"time":1739027447951,"pid":2816,"hostname":"DESKTOP-9KL4NAD","msg":"Express server running on port 4000"}
{"level":30,"time":1739027448048,"pid":2816,"hostname":"DESKTOP-9KL4NAD","msg":"db connection ok"}
{"level":30,"time":1739027857831,"pid":692,"hostname":"DESKTOP-9KL4NAD","msg":"hello world"}
{"level":30,"time":1739027857836,"pid":692,"hostname":"DESKTOP-9KL4NAD","msg":"Express server running on port 4000"}
{"level":30,"time":1739027857858,"pid":692,"hostname":"DESKTOP-9KL4NAD","msg":"db connection ok"}
{"level":30,"time":1739027875026,"pid":692,"hostname":"DESKTOP-9KL4NAD","msg":"Login success"}
{"level":30,"time":1739028089599,"pid":13588,"hostname":"DESKTOP-9KL4NAD","msg":"hello world"}
{"level":30,"time":1739028089603,"pid":13588,"hostname":"DESKTOP-9KL4NAD","msg":"Express server running on port 4000"}
{"level":30,"time":1739028089623,"pid":13588,"hostname":"DESKTOP-9KL4NAD","msg":"db connection ok"}
{"level":30,"time":1739028137039,"pid":13588,"hostname":"DESKTOP-9KL4NAD","msg":"Login success"}
{"level":30,"time":1739028273764,"pid":8744,"hostname":"DESKTOP-9KL4NAD","msg":"hello world"}
{"level":30,"time":1739028273772,"pid":8744,"hostname":"DESKTOP-9KL4NAD","msg":"Express server running on port 4000"}
{"level":30,"time":1739028273795,"pid":8744,"hostname":"DESKTOP-9KL4NAD","msg":"db connection ok"}
{"level":30,"time":1739028318317,"pid":16960,"hostname":"DESKTOP-9KL4NAD","msg":"hello world"}
{"level":30,"time":1739028318321,"pid":16960,"hostname":"DESKTOP-9KL4NAD","msg":"Express server running on port 4000"}
{"level":30,"time":1739028318342,"pid":16960,"hostname":"DESKTOP-9KL4NAD","msg":"db connection ok"}
{"level":30,"time":1739028333557,"pid":16960,"hostname":"DESKTOP-9KL4NAD","msg":"Login success"}
{"level":30,"time":1739028939896,"pid":16960,"hostname":"DESKTOP-9KL4NAD","msg":"Login success"}
{"level":30,"time":1739029214212,"pid":12192,"hostname":"DESKTOP-9KL4NAD","msg":"hello world"}
{"level":30,"time":1739029214216,"pid":12192,"hostname":"DESKTOP-9KL4NAD","msg":"Express server running on port 4000"}
{"level":30,"time":1739029214240,"pid":12192,"hostname":"DESKTOP-9KL4NAD","msg":"db connection ok"}
{"level":30,"time":1739029230748,"pid":12192,"hostname":"DESKTOP-9KL4NAD","msg":"Login success"}
{"level":30,"time":1739029373716,"pid":9380,"hostname":"DESKTOP-9KL4NAD","msg":"hello world"}
{"level":30,"time":1739029373721,"pid":9380,"hostname":"DESKTOP-9KL4NAD","msg":"Express server running on port 4000"}
{"level":30,"time":1739029373754,"pid":9380,"hostname":"DESKTOP-9KL4NAD","msg":"db connection ok"}
{"level":30,"time":1739029392631,"pid":9380,"hostname":"DESKTOP-9KL4NAD","msg":"Login success"}
{"level":30,"time":1739029435111,"pid":11112,"hostname":"DESKTOP-9KL4NAD","msg":"hello world"}
{"level":30,"time":1739029435116,"pid":11112,"hostname":"DESKTOP-9KL4NAD","msg":"Express server running on port 4000"}
{"level":30,"time":1739029435207,"pid":11112,"hostname":"DESKTOP-9KL4NAD","msg":"db connection ok"}
{"level":30,"time":1739029447669,"pid":11112,"hostname":"DESKTOP-9KL4NAD","msg":"Login success"}
{"level":30,"time":1739029579949,"pid":2288,"hostname":"DESKTOP-9KL4NAD","msg":"hello world"}
{"level":30,"time":1739029579955,"pid":2288,"hostname":"DESKTOP-9KL4NAD","msg":"Express server running on port 4000"}
{"level":30,"time":1739029580046,"pid":2288,"hostname":"DESKTOP-9KL4NAD","msg":"db connection ok"}
{"level":30,"time":1739029615957,"pid":2288,"hostname":"DESKTOP-9KL4NAD","msg":"Login success"}
{"level":30,"time":1739191941953,"pid":3632,"hostname":"DESKTOP-9KL4NAD","msg":"hello world"}
{"level":30,"time":1739191941964,"pid":3632,"hostname":"DESKTOP-9KL4NAD","msg":"Express server running on port 4000"}
{"level":30,"time":1739191942027,"pid":3632,"hostname":"DESKTOP-9KL4NAD","msg":"db connection ok"}
{"level":30,"time":1739191975744,"pid":3632,"hostname":"DESKTOP-9KL4NAD","msg":"Login success"}
{"level":30,"time":1739192173832,"pid":15048,"hostname":"DESKTOP-9KL4NAD","msg":"hello world"}
{"level":30,"time":1739192173837,"pid":15048,"hostname":"DESKTOP-9KL4NAD","msg":"Express server running on port 4000"}
{"level":30,"time":1739192173859,"pid":15048,"hostname":"DESKTOP-9KL4NAD","msg":"db connection ok"}
{"level":30,"time":1739192189076,"pid":15048,"hostname":"DESKTOP-9KL4NAD","msg":"Login success"}
{"level":30,"time":1739192295180,"pid":1840,"hostname":"DESKTOP-9KL4NAD","msg":"hello world"}
{"level":30,"time":1739192295186,"pid":1840,"hostname":"DESKTOP-9KL4NAD","msg":"Express server running on port 4000"}
{"level":30,"time":1739192295279,"pid":1840,"hostname":"DESKTOP-9KL4NAD","msg":"db connection ok"}
{"level":30,"time":1739192307696,"pid":1840,"hostname":"DESKTOP-9KL4NAD","msg":"Login success"}
{"level":30,"time":1739192434550,"pid":21220,"hostname":"DESKTOP-9KL4NAD","msg":"hello world"}
{"level":30,"time":1739192434555,"pid":21220,"hostname":"DESKTOP-9KL4NAD","msg":"Express server running on port 4000"}
{"level":30,"time":1739192434651,"pid":21220,"hostname":"DESKTOP-9KL4NAD","msg":"db connection ok"}
{"level":30,"time":1739192448950,"pid":21220,"hostname":"DESKTOP-9KL4NAD","msg":"Login success"}
{"level":30,"time":1739192615707,"pid":20444,"hostname":"DESKTOP-9KL4NAD","msg":"hello world"}
{"level":30,"time":1739192615711,"pid":20444,"hostname":"DESKTOP-9KL4NAD","msg":"Express server running on port 4000"}
{"level":30,"time":1739192615802,"pid":20444,"hostname":"DESKTOP-9KL4NAD","msg":"db connection ok"}
{"level":30,"time":1739192633995,"pid":20444,"hostname":"DESKTOP-9KL4NAD","msg":"Login success"}
{"level":30,"time":1739192864584,"pid":10796,"hostname":"DESKTOP-9KL4NAD","msg":"hello world"}
{"level":30,"time":1739192864589,"pid":10796,"hostname":"DESKTOP-9KL4NAD","msg":"Express server running on port 4000"}
{"level":30,"time":1739192864620,"pid":10796,"hostname":"DESKTOP-9KL4NAD","msg":"db connection ok"}
{"level":30,"time":1739192876036,"pid":10796,"hostname":"DESKTOP-9KL4NAD","msg":"Login success"}
{"level":30,"time":1739193256231,"pid":21280,"hostname":"DESKTOP-9KL4NAD","msg":"hello world"}
{"level":30,"time":1739193256235,"pid":21280,"hostname":"DESKTOP-9KL4NAD","msg":"Express server running on port 4000"}
{"level":30,"time":1739193256330,"pid":21280,"hostname":"DESKTOP-9KL4NAD","msg":"db connection ok"}
{"level":30,"time":1739193265954,"pid":21280,"hostname":"DESKTOP-9KL4NAD","msg":"Login success"}
{"level":30,"time":1739193700077,"pid":18244,"hostname":"DESKTOP-9KL4NAD","msg":"hello world"}
{"level":30,"time":1739193700082,"pid":18244,"hostname":"DESKTOP-9KL4NAD","msg":"Express server running on port 4000"}
{"level":30,"time":1739193700177,"pid":18244,"hostname":"DESKTOP-9KL4NAD","msg":"db connection ok"}
{"level":30,"time":1739193728517,"pid":18244,"hostname":"DESKTOP-9KL4NAD","msg":"Login success"}
{"level":30,"time":1739193810239,"pid":18244,"hostname":"DESKTOP-9KL4NAD","msg":"Login success"}
{"level":30,"time":1739195820493,"pid":18244,"hostname":"DESKTOP-9KL4NAD","msg":"Login success"}
{"level":30,"time":1739196515134,"pid":18244,"hostname":"DESKTOP-9KL4NAD","msg":"Login success"}
{"level":30,"time":1739196555253,"pid":18244,"hostname":"DESKTOP-9KL4NAD","msg":"Login success"}
{"level":30,"time":1739202804844,"pid":18244,"hostname":"DESKTOP-9KL4NAD","msg":"Login success"}
